Added Pin To Net: NetName=A+A Pin=Mot_1A-1
Added Pin To Net: NetName=A-A Pin=Mot_1A-2
Added Pin To Net: NetName=B-A Pin=Mot_1A-3
Added Pin To Net: NetName=B+A Pin=Mot_1A-4
Added Pin To Net: NetName=A+B Pin=Mot_1B-1
Added Pin To Net: NetName=A-B Pin=Mot_1B-2
Added Pin To Net: NetName=B-B Pin=Mot_1B-3
Added Pin To Net: NetName=B+B Pin=Mot_1B-4
Added Pin To Net: NetName=A+C Pin=Mot_1C-1
Added Pin To Net: NetName=A-C Pin=Mot_1C-2
Added Pin To Net: NetName=B-C Pin=Mot_1C-3
Added Pin To Net: NetName=B+C Pin=Mot_1C-4
Added Pin To Net: NetName=A+D Pin=Mot_1D-1
Added Pin To Net: NetName=A-D Pin=Mot_1D-2
Added Pin To Net: NetName=B-D Pin=Mot_1D-3
Added Pin To Net: NetName=B+D Pin=Mot_1D-4
Added Pin To Net: NetName=A+E Pin=Mot_1E-1
Added Pin To Net: NetName=A-E Pin=Mot_1E-2
Added Pin To Net: NetName=B-E Pin=Mot_1E-3
Added Pin To Net: NetName=B+E Pin=Mot_1E-4
Added Pin To Net: NetName=A+F Pin=Mot_1F-1
Added Pin To Net: NetName=A-F Pin=Mot_1F-2
Added Pin To Net: NetName=B-F Pin=Mot_1F-3
Added Pin To Net: NetName=B+F Pin=Mot_1F-4
Added Pin To Net: NetName=A+G Pin=Mot_1G-1
Added Pin To Net: NetName=A-G Pin=Mot_1G-2
Added Pin To Net: NetName=B-G Pin=Mot_1G-3
Added Pin To Net: NetName=B+G Pin=Mot_1G-4
Added Pin To Net: NetName=A+H Pin=Mot_1H-1
Added Pin To Net: NetName=A-H Pin=Mot_1H-2
Added Pin To Net: NetName=B-H Pin=Mot_1H-3
Added Pin To Net: NetName=B+H Pin=Mot_1H-4
Added Pin To Net: NetName=A+I Pin=Mot_1I-1
Added Pin To Net: NetName=A-I Pin=Mot_1I-2
Added Pin To Net: NetName=B-I Pin=Mot_1I-3
Added Pin To Net: NetName=B+I Pin=Mot_1I-4
Added Pin To Net: NetName=A+J Pin=Mot_1J-1
Added Pin To Net: NetName=A-J Pin=Mot_1J-2
Added Pin To Net: NetName=B-J Pin=Mot_1J-3
Added Pin To Net: NetName=B+J Pin=Mot_1J-4
Added Pin To Net: NetName=A+K Pin=Mot_1K-1
Added Pin To Net: NetName=A-K Pin=Mot_1K-2
Added Pin To Net: NetName=B-K Pin=Mot_1K-3
Added Pin To Net: NetName=B+K Pin=Mot_1K-4
Added Pin To Net: NetName=A+L Pin=Mot_1L-1
Added Pin To Net: NetName=A-L Pin=Mot_1L-2
Added Pin To Net: NetName=B-L Pin=Mot_1L-3
Added Pin To Net: NetName=B+L Pin=Mot_1L-4
Added Pin To Net: NetName=A+M Pin=Mot_1M-1
Added Pin To Net: NetName=A-M Pin=Mot_1M-2
Added Pin To Net: NetName=B-M Pin=Mot_1M-3
Added Pin To Net: NetName=B+M Pin=Mot_1M-4
Added Pin To Net: NetName=A+N Pin=Mot_1N-1
Added Pin To Net: NetName=A-N Pin=Mot_1N-2
Added Pin To Net: NetName=B-N Pin=Mot_1N-3
Added Pin To Net: NetName=B+N Pin=Mot_1N-4
Added Pin To Net: NetName=A+O Pin=Mot_1O-1
Added Pin To Net: NetName=A-O Pin=Mot_1O-2
Added Pin To Net: NetName=B-O Pin=Mot_1O-3
Added Pin To Net: NetName=B+O Pin=Mot_1O-4
Added Pin To Net: NetName=A+P Pin=Mot_1P-1
Added Pin To Net: NetName=A-P Pin=Mot_1P-2
Added Pin To Net: NetName=B-P Pin=Mot_1P-3
Added Pin To Net: NetName=B+P Pin=Mot_1P-4
