Added Pin To Net: NetName=MS1 Pin=IC1A-2
Added Pin To Net: NetName=MS2 Pin=IC1A-3
Added Pin To Net: NetName=I1 Pin=IC1A-4
Added Pin To Net: NetName=I2 Pin=IC1A-5
Added Pin To Net: NetName=Sleep Pin=IC1A-6
Added Pin To Net: NetName=Dir Pin=IC1A-8
Added Pin To Net: NetName=MS1 Pin=IC1B-2
Added Pin To Net: NetName=MS2 Pin=IC1B-3
Added Pin To Net: NetName=I1 Pin=IC1B-4
Added Pin To Net: NetName=I2 Pin=IC1B-5
Added Pin To Net: NetName=Sleep Pin=IC1B-6
Added Pin To Net: NetName=Dir Pin=IC1B-8
Added Pin To Net: NetName=MS1 Pin=IC1C-2
Added Pin To Net: NetName=MS2 Pin=IC1C-3
Added Pin To Net: NetName=I1 Pin=IC1C-4
Added Pin To Net: NetName=I2 Pin=IC1C-5
Added Pin To Net: NetName=Sleep Pin=IC1C-6
Added Pin To Net: NetName=Dir Pin=IC1C-8
Added Pin To Net: NetName=MS1 Pin=IC1D-2
Added Pin To Net: NetName=MS2 Pin=IC1D-3
Added Pin To Net: NetName=I1 Pin=IC1D-4
Added Pin To Net: NetName=I2 Pin=IC1D-5
Added Pin To Net: NetName=Sleep Pin=IC1D-6
Added Pin To Net: NetName=Dir Pin=IC1D-8
Added Pin To Net: NetName=MS1 Pin=IC1E-2
Added Pin To Net: NetName=MS2 Pin=IC1E-3
Added Pin To Net: NetName=I1 Pin=IC1E-4
Added Pin To Net: NetName=I2 Pin=IC1E-5
Added Pin To Net: NetName=Sleep Pin=IC1E-6
Added Pin To Net: NetName=Dir Pin=IC1E-8
Added Pin To Net: NetName=MS1 Pin=IC1F-2
Added Pin To Net: NetName=MS2 Pin=IC1F-3
Added Pin To Net: NetName=I1 Pin=IC1F-4
Added Pin To Net: NetName=I2 Pin=IC1F-5
Added Pin To Net: NetName=Sleep Pin=IC1F-6
Added Pin To Net: NetName=Dir Pin=IC1F-8
Added Pin To Net: NetName=MS1 Pin=IC1G-2
Added Pin To Net: NetName=MS2 Pin=IC1G-3
Added Pin To Net: NetName=I1 Pin=IC1G-4
Added Pin To Net: NetName=I2 Pin=IC1G-5
Added Pin To Net: NetName=Sleep Pin=IC1G-6
Added Pin To Net: NetName=Dir Pin=IC1G-8
Added Pin To Net: NetName=MS1 Pin=IC1H-2
Added Pin To Net: NetName=MS2 Pin=IC1H-3
Added Pin To Net: NetName=I1 Pin=IC1H-4
Added Pin To Net: NetName=I2 Pin=IC1H-5
Added Pin To Net: NetName=Sleep Pin=IC1H-6
Added Pin To Net: NetName=Dir Pin=IC1H-8
Added Pin To Net: NetName=MS1 Pin=IC1I-2
Added Pin To Net: NetName=MS2 Pin=IC1I-3
Added Pin To Net: NetName=I1 Pin=IC1I-4
Added Pin To Net: NetName=I2 Pin=IC1I-5
Added Pin To Net: NetName=Sleep Pin=IC1I-6
Added Pin To Net: NetName=Dir Pin=IC1I-8
Added Pin To Net: NetName=MS1 Pin=IC1J-2
Added Pin To Net: NetName=MS2 Pin=IC1J-3
Added Pin To Net: NetName=I1 Pin=IC1J-4
Added Pin To Net: NetName=I2 Pin=IC1J-5
Added Pin To Net: NetName=Sleep Pin=IC1J-6
Added Pin To Net: NetName=Dir Pin=IC1J-8
Added Pin To Net: NetName=MS1 Pin=IC1K-2
Added Pin To Net: NetName=MS2 Pin=IC1K-3
Added Pin To Net: NetName=I1 Pin=IC1K-4
Added Pin To Net: NetName=I2 Pin=IC1K-5
Added Pin To Net: NetName=Sleep Pin=IC1K-6
Added Pin To Net: NetName=Dir Pin=IC1K-8
Added Pin To Net: NetName=MS1 Pin=IC1L-2
Added Pin To Net: NetName=MS2 Pin=IC1L-3
Added Pin To Net: NetName=I1 Pin=IC1L-4
Added Pin To Net: NetName=I2 Pin=IC1L-5
Added Pin To Net: NetName=Sleep Pin=IC1L-6
Added Pin To Net: NetName=Dir Pin=IC1L-8
Added Pin To Net: NetName=MS1 Pin=IC1M-2
Added Pin To Net: NetName=MS2 Pin=IC1M-3
Added Pin To Net: NetName=I1 Pin=IC1M-4
Added Pin To Net: NetName=I2 Pin=IC1M-5
Added Pin To Net: NetName=Sleep Pin=IC1M-6
Added Pin To Net: NetName=Dir Pin=IC1M-8
Added Pin To Net: NetName=MS1 Pin=IC1N-2
Added Pin To Net: NetName=MS2 Pin=IC1N-3
Added Pin To Net: NetName=I1 Pin=IC1N-4
Added Pin To Net: NetName=I2 Pin=IC1N-5
Added Pin To Net: NetName=Sleep Pin=IC1N-6
Added Pin To Net: NetName=Dir Pin=IC1N-8
Added Pin To Net: NetName=MS1 Pin=IC1O-2
Added Pin To Net: NetName=MS2 Pin=IC1O-3
Added Pin To Net: NetName=I1 Pin=IC1O-4
Added Pin To Net: NetName=I2 Pin=IC1O-5
Added Pin To Net: NetName=Sleep Pin=IC1O-6
Added Pin To Net: NetName=Dir Pin=IC1O-8
Added Pin To Net: NetName=MS1 Pin=IC1P-2
Added Pin To Net: NetName=MS2 Pin=IC1P-3
Added Pin To Net: NetName=I1 Pin=IC1P-4
Added Pin To Net: NetName=I2 Pin=IC1P-5
Added Pin To Net: NetName=Sleep Pin=IC1P-6
Added Pin To Net: NetName=Dir Pin=IC1P-8
