Removed Pin From Net: NetName=GND Pin=IC2-1
Removed Pin From Net: NetName=Steps1 Pin=IC2-2
Removed Pin From Net: NetName=Steps2 Pin=IC2-3
Removed Pin From Net: NetName=Steps3 Pin=IC2-4
Removed Pin From Net: NetName=Steps4 Pin=IC2-5
Removed Pin From Net: NetName=Steps5 Pin=IC2-6
Removed Pin From Net: NetName=Steps6 Pin=IC2-7
Removed Pin From Net: NetName=Steps7 Pin=IC2-8
Removed Pin From Net: NetName=Steps8 Pin=IC2-9
Removed Pin From Net: NetName=Steps9 Pin=IC2-10
Removed Pin From Net: NetName=Steps10 Pin=IC2-11
Removed Pin From Net: NetName=Steps11 Pin=IC2-12
Removed Pin From Net: NetName=Steps12 Pin=IC2-13
Removed Pin From Net: NetName=Steps13 Pin=IC2-14
Removed Pin From Net: NetName=GND Pin=IC2-17
Removed Pin From Net: NetName=Sleep Pin=IC2-20
Removed Pin From Net: NetName=Steps14 Pin=IC2-21
Removed Pin From Net: NetName=Steps15 Pin=IC2-22
Removed Pin From Net: NetName=Steps16 Pin=IC2-23
Removed Pin From Net: NetName=Dir Pin=IC2-24
Removed Pin From Net: NetName=MS1 Pin=IC2-25
Removed Pin From Net: NetName=MS2 Pin=IC2-26
Removed Pin From Net: NetName=I1 Pin=IC2-27
Removed Pin From Net: NetName=I2 Pin=IC2-28
Removed Pin From Net: NetName=But_1 Pin=IC2-29
Removed Pin From Net: NetName=But_2 Pin=IC2-30
Removed Pin From Net: NetName=GND Pin=IC2-32
Removed Pin From Net: NetName=GND Pin=IC2-34
Added Component: Designator=IC?(TEENSY41)
Add component (AddParameter): Name = "Arrow Part Number"; Value = ""; VariantName = "[No Variations]"
Add component (AddParameter): Name = "Arrow Price/Stock"; Value = ""; VariantName = "[No Variations]"
Add component (AddParameter): Name = "Datasheet Link"; Value = "https://www.pjrc.com/store/teensy41.html"; VariantName = "[No Variations]"
Add component (AddParameter): Name = "Height"; Value = "4.07mm"; VariantName = "[No Variations]"
Add component (AddParameter): Name = "Manufacturer_Name"; Value = "PJRC"; VariantName = "[No Variations]"
Add component (AddParameter): Name = "Manufacturer_Part_Number"; Value = "TEENSY 4.1"; VariantName = "[No Variations]"
Add component (AddParameter): Name = "Mouser Part Number"; Value = ""; VariantName = "[No Variations]"
Add component (AddParameter): Name = "Mouser Price/Stock"; Value = ""; VariantName = "[No Variations]"
Added Member To Class: ClassName=Controller Member=Component IC? TEENSY_4.1
