Change Component Designator: OldDesignator=C1_S1 NewDesignator=C1A
Change Component Designator: OldDesignator=C1_S2 NewDesignator=C1B
Change Component Designator: OldDesignator=C1_S3 NewDesignator=C1C
Change Component Designator: OldDesignator=C1_S4 NewDesignator=C1D
Change Component Designator: OldDesignator=C1_S5 NewDesignator=C1E
Change Component Designator: OldDesignator=C1_S6 NewDesignator=C1F
Change Component Designator: OldDesignator=C1_S7 NewDesignator=C1G
Change Component Designator: OldDesignator=C1_S8 NewDesignator=C1H
Change Component Designator: OldDesignator=C1_S9 NewDesignator=C1I
Change Component Designator: OldDesignator=C1_S10 NewDesignator=C1J
Change Component Designator: OldDesignator=C1_S11 NewDesignator=C1K
Change Component Designator: OldDesignator=C1_S12 NewDesignator=C1L
Change Component Designator: OldDesignator=C1_S13 NewDesignator=C1M
Change Component Designator: OldDesignator=C1_S14 NewDesignator=C1N
Change Component Designator: OldDesignator=C1_S15 NewDesignator=C1O
Change Component Designator: OldDesignator=C1_S16 NewDesignator=C1P
Change Component Designator: OldDesignator=IC1_S1 NewDesignator=IC1A
Change Component Designator: OldDesignator=IC1_S2 NewDesignator=IC1B
Change Component Designator: OldDesignator=IC1_S3 NewDesignator=IC1C
Change Component Designator: OldDesignator=IC1_S4 NewDesignator=IC1D
Change Component Designator: OldDesignator=IC1_S5 NewDesignator=IC1E
Change Component Designator: OldDesignator=IC1_S6 NewDesignator=IC1F
Change Component Designator: OldDesignator=IC1_S7 NewDesignator=IC1G
Change Component Designator: OldDesignator=IC1_S8 NewDesignator=IC1H
Change Component Designator: OldDesignator=IC1_S9 NewDesignator=IC1I
Change Component Designator: OldDesignator=IC1_S10 NewDesignator=IC1J
Change Component Designator: OldDesignator=IC1_S11 NewDesignator=IC1K
Change Component Designator: OldDesignator=IC1_S12 NewDesignator=IC1L
Change Component Designator: OldDesignator=IC1_S13 NewDesignator=IC1M
Change Component Designator: OldDesignator=IC1_S14 NewDesignator=IC1N
Change Component Designator: OldDesignator=IC1_S15 NewDesignator=IC1O
Change Component Designator: OldDesignator=IC1_S16 NewDesignator=IC1P
Change Component Designator: OldDesignator=Mot_1_S1 NewDesignator=Mot_1A
Change Component Designator: OldDesignator=Mot_1_S2 NewDesignator=Mot_1B
Change Component Designator: OldDesignator=Mot_1_S3 NewDesignator=Mot_1C
Change Component Designator: OldDesignator=Mot_1_S4 NewDesignator=Mot_1D
Change Component Designator: OldDesignator=Mot_1_S5 NewDesignator=Mot_1E
Change Component Designator: OldDesignator=Mot_1_S6 NewDesignator=Mot_1F
Change Component Designator: OldDesignator=Mot_1_S7 NewDesignator=Mot_1G
Change Component Designator: OldDesignator=Mot_1_S8 NewDesignator=Mot_1H
Change Component Designator: OldDesignator=Mot_1_S9 NewDesignator=Mot_1I
Change Component Designator: OldDesignator=Mot_1_S10 NewDesignator=Mot_1J
Change Component Designator: OldDesignator=Mot_1_S11 NewDesignator=Mot_1K
Change Component Designator: OldDesignator=Mot_1_S12 NewDesignator=Mot_1L
Change Component Designator: OldDesignator=Mot_1_S13 NewDesignator=Mot_1M
Change Component Designator: OldDesignator=Mot_1_S14 NewDesignator=Mot_1N
Change Component Designator: OldDesignator=Mot_1_S15 NewDesignator=Mot_1O
Change Component Designator: OldDesignator=Mot_1_S16 NewDesignator=Mot_1P
Change Net Name : Old Net Name=A+_S1 New Net Name=A+A
Change Net Name : Old Net Name=A+_S2 New Net Name=A+B
Change Net Name : Old Net Name=A+_S3 New Net Name=A+C
Change Net Name : Old Net Name=A+_S4 New Net Name=A+D
Change Net Name : Old Net Name=A+_S5 New Net Name=A+E
Change Net Name : Old Net Name=A+_S6 New Net Name=A+F
Change Net Name : Old Net Name=A+_S7 New Net Name=A+G
Change Net Name : Old Net Name=A+_S8 New Net Name=A+H
Change Net Name : Old Net Name=A+_S9 New Net Name=A+I
Change Net Name : Old Net Name=A+_S10 New Net Name=A+J
Change Net Name : Old Net Name=A+_S11 New Net Name=A+K
Change Net Name : Old Net Name=A+_S12 New Net Name=A+L
Change Net Name : Old Net Name=A+_S13 New Net Name=A+M
Change Net Name : Old Net Name=A+_S14 New Net Name=A+N
Change Net Name : Old Net Name=A+_S15 New Net Name=A+O
Change Net Name : Old Net Name=A+_S16 New Net Name=A+P
Change Net Name : Old Net Name=A-_S1 New Net Name=A-A
Change Net Name : Old Net Name=A-_S2 New Net Name=A-B
Change Net Name : Old Net Name=A-_S3 New Net Name=A-C
Change Net Name : Old Net Name=A-_S4 New Net Name=A-D
Change Net Name : Old Net Name=A-_S5 New Net Name=A-E
Change Net Name : Old Net Name=A-_S6 New Net Name=A-F
Change Net Name : Old Net Name=A-_S7 New Net Name=A-G
Change Net Name : Old Net Name=A-_S8 New Net Name=A-H
Change Net Name : Old Net Name=A-_S9 New Net Name=A-I
Change Net Name : Old Net Name=A-_S10 New Net Name=A-J
Change Net Name : Old Net Name=A-_S11 New Net Name=A-K
Change Net Name : Old Net Name=A-_S12 New Net Name=A-L
Change Net Name : Old Net Name=A-_S13 New Net Name=A-M
Change Net Name : Old Net Name=A-_S14 New Net Name=A-N
Change Net Name : Old Net Name=A-_S15 New Net Name=A-O
Change Net Name : Old Net Name=A-_S16 New Net Name=A-P
Change Net Name : Old Net Name=B+_S1 New Net Name=B+A
Change Net Name : Old Net Name=B+_S2 New Net Name=B+B
Change Net Name : Old Net Name=B+_S3 New Net Name=B+C
Change Net Name : Old Net Name=B+_S4 New Net Name=B+D
Change Net Name : Old Net Name=B+_S5 New Net Name=B+E
Change Net Name : Old Net Name=B+_S6 New Net Name=B+F
Change Net Name : Old Net Name=B+_S7 New Net Name=B+G
Change Net Name : Old Net Name=B+_S8 New Net Name=B+H
Change Net Name : Old Net Name=B+_S9 New Net Name=B+I
Change Net Name : Old Net Name=B+_S10 New Net Name=B+J
Change Net Name : Old Net Name=B+_S11 New Net Name=B+K
Change Net Name : Old Net Name=B+_S12 New Net Name=B+L
Change Net Name : Old Net Name=B+_S13 New Net Name=B+M
Change Net Name : Old Net Name=B+_S14 New Net Name=B+N
Change Net Name : Old Net Name=B+_S15 New Net Name=B+O
Change Net Name : Old Net Name=B+_S16 New Net Name=B+P
Change Net Name : Old Net Name=B-_S1 New Net Name=B-A
Change Net Name : Old Net Name=B-_S2 New Net Name=B-B
Change Net Name : Old Net Name=B-_S3 New Net Name=B-C
Change Net Name : Old Net Name=B-_S4 New Net Name=B-D
Change Net Name : Old Net Name=B-_S5 New Net Name=B-E
Change Net Name : Old Net Name=B-_S6 New Net Name=B-F
Change Net Name : Old Net Name=B-_S7 New Net Name=B-G
Change Net Name : Old Net Name=B-_S8 New Net Name=B-H
Change Net Name : Old Net Name=B-_S9 New Net Name=B-I
Change Net Name : Old Net Name=B-_S10 New Net Name=B-J
Change Net Name : Old Net Name=B-_S11 New Net Name=B-K
Change Net Name : Old Net Name=B-_S12 New Net Name=B-L
Change Net Name : Old Net Name=B-_S13 New Net Name=B-M
Change Net Name : Old Net Name=B-_S14 New Net Name=B-N
Change Net Name : Old Net Name=B-_S15 New Net Name=B-O
Change Net Name : Old Net Name=B-_S16 New Net Name=B-P
Change Net Name : Old Net Name=Dir_S1 New Net Name=DirA
Change Net Name : Old Net Name=Dir_S2 New Net Name=DirB
Change Net Name : Old Net Name=Dir_S3 New Net Name=DirC
Change Net Name : Old Net Name=Dir_S4 New Net Name=DirD
Change Net Name : Old Net Name=Dir_S5 New Net Name=DirE
Change Net Name : Old Net Name=Dir_S6 New Net Name=DirF
Change Net Name : Old Net Name=Dir_S7 New Net Name=DirG
Change Net Name : Old Net Name=Dir_S8 New Net Name=DirH
Change Net Name : Old Net Name=Dir_S9 New Net Name=DirI
Change Net Name : Old Net Name=Dir_S10 New Net Name=DirJ
Change Net Name : Old Net Name=Dir_S11 New Net Name=DirK
Change Net Name : Old Net Name=Dir_S12 New Net Name=DirL
Change Net Name : Old Net Name=Dir_S13 New Net Name=DirM
Change Net Name : Old Net Name=Dir_S14 New Net Name=DirN
Change Net Name : Old Net Name=Dir_S15 New Net Name=DirO
Change Net Name : Old Net Name=Dir_S16 New Net Name=DirP
Change Net Name : Old Net Name=I1_S1 New Net Name=I1A
Change Net Name : Old Net Name=I1_S2 New Net Name=I1B
Change Net Name : Old Net Name=I1_S3 New Net Name=I1C
Change Net Name : Old Net Name=I1_S4 New Net Name=I1D
Change Net Name : Old Net Name=I1_S5 New Net Name=I1E
Change Net Name : Old Net Name=I1_S6 New Net Name=I1F
Change Net Name : Old Net Name=I1_S7 New Net Name=I1G
Change Net Name : Old Net Name=I1_S8 New Net Name=I1H
Change Net Name : Old Net Name=I1_S9 New Net Name=I1I
Change Net Name : Old Net Name=I1_S10 New Net Name=I1J
Change Net Name : Old Net Name=I1_S11 New Net Name=I1K
Change Net Name : Old Net Name=I1_S12 New Net Name=I1L
Change Net Name : Old Net Name=I1_S13 New Net Name=I1M
Change Net Name : Old Net Name=I1_S14 New Net Name=I1N
Change Net Name : Old Net Name=I1_S15 New Net Name=I1O
Change Net Name : Old Net Name=I1_S16 New Net Name=I1P
Change Net Name : Old Net Name=I2_S1 New Net Name=I2A
Change Net Name : Old Net Name=I2_S2 New Net Name=I2B
Change Net Name : Old Net Name=I2_S3 New Net Name=I2C
Change Net Name : Old Net Name=I2_S4 New Net Name=I2D
Change Net Name : Old Net Name=I2_S5 New Net Name=I2E
Change Net Name : Old Net Name=I2_S6 New Net Name=I2F
Change Net Name : Old Net Name=I2_S7 New Net Name=I2G
Change Net Name : Old Net Name=I2_S8 New Net Name=I2H
Change Net Name : Old Net Name=I2_S9 New Net Name=I2I
Change Net Name : Old Net Name=I2_S10 New Net Name=I2J
Change Net Name : Old Net Name=I2_S11 New Net Name=I2K
Change Net Name : Old Net Name=I2_S12 New Net Name=I2L
Change Net Name : Old Net Name=I2_S13 New Net Name=I2M
Change Net Name : Old Net Name=I2_S14 New Net Name=I2N
Change Net Name : Old Net Name=I2_S15 New Net Name=I2O
Change Net Name : Old Net Name=I2_S16 New Net Name=I2P
Change Net Name : Old Net Name=MS1_S1 New Net Name=MS1A
Change Net Name : Old Net Name=MS1_S2 New Net Name=MS1B
Change Net Name : Old Net Name=MS1_S3 New Net Name=MS1C
Change Net Name : Old Net Name=MS1_S4 New Net Name=MS1D
Change Net Name : Old Net Name=MS1_S5 New Net Name=MS1E
Change Net Name : Old Net Name=MS1_S6 New Net Name=MS1F
Change Net Name : Old Net Name=MS1_S7 New Net Name=MS1G
Change Net Name : Old Net Name=MS1_S8 New Net Name=MS1H
Change Net Name : Old Net Name=MS1_S9 New Net Name=MS1I
Change Net Name : Old Net Name=MS1_S10 New Net Name=MS1J
Change Net Name : Old Net Name=MS1_S11 New Net Name=MS1K
Change Net Name : Old Net Name=MS1_S12 New Net Name=MS1L
Change Net Name : Old Net Name=MS1_S13 New Net Name=MS1M
Change Net Name : Old Net Name=MS1_S14 New Net Name=MS1N
Change Net Name : Old Net Name=MS1_S15 New Net Name=MS1O
Change Net Name : Old Net Name=MS1_S16 New Net Name=MS1P
Change Net Name : Old Net Name=MS2_S1 New Net Name=MS2A
Change Net Name : Old Net Name=MS2_S2 New Net Name=MS2B
Change Net Name : Old Net Name=MS2_S3 New Net Name=MS2C
Change Net Name : Old Net Name=MS2_S4 New Net Name=MS2D
Change Net Name : Old Net Name=MS2_S5 New Net Name=MS2E
Change Net Name : Old Net Name=MS2_S6 New Net Name=MS2F
Change Net Name : Old Net Name=MS2_S7 New Net Name=MS2G
Change Net Name : Old Net Name=MS2_S8 New Net Name=MS2H
Change Net Name : Old Net Name=MS2_S9 New Net Name=MS2I
Change Net Name : Old Net Name=MS2_S10 New Net Name=MS2J
Change Net Name : Old Net Name=MS2_S11 New Net Name=MS2K
Change Net Name : Old Net Name=MS2_S12 New Net Name=MS2L
Change Net Name : Old Net Name=MS2_S13 New Net Name=MS2M
Change Net Name : Old Net Name=MS2_S14 New Net Name=MS2N
Change Net Name : Old Net Name=MS2_S15 New Net Name=MS2O
Change Net Name : Old Net Name=MS2_S16 New Net Name=MS2P
Change Net Name : Old Net Name=Sleep_S1 New Net Name=SleepA
Change Net Name : Old Net Name=Sleep_S2 New Net Name=SleepB
Change Net Name : Old Net Name=Sleep_S3 New Net Name=SleepC
Change Net Name : Old Net Name=Sleep_S4 New Net Name=SleepD
Change Net Name : Old Net Name=Sleep_S5 New Net Name=SleepE
Change Net Name : Old Net Name=Sleep_S6 New Net Name=SleepF
Change Net Name : Old Net Name=Sleep_S7 New Net Name=SleepG
Change Net Name : Old Net Name=Sleep_S8 New Net Name=SleepH
Change Net Name : Old Net Name=Sleep_S9 New Net Name=SleepI
Change Net Name : Old Net Name=Sleep_S10 New Net Name=SleepJ
Change Net Name : Old Net Name=Sleep_S11 New Net Name=SleepK
Change Net Name : Old Net Name=Sleep_S12 New Net Name=SleepL
Change Net Name : Old Net Name=Sleep_S13 New Net Name=SleepM
Change Net Name : Old Net Name=Sleep_S14 New Net Name=SleepN
Change Net Name : Old Net Name=Sleep_S15 New Net Name=SleepO
Change Net Name : Old Net Name=Sleep_S16 New Net Name=SleepP
