Change Component Designator: OldDesignator=IC1A NewDesignator=D1A
Change Component Designator: OldDesignator=IC1B NewDesignator=D1B
Change Component Designator: OldDesignator=IC1C NewDesignator=D1C
Change Component Designator: OldDesignator=IC1D NewDesignator=D1D
Change Component Designator: OldDesignator=IC1E NewDesignator=D1E
Change Component Designator: OldDesignator=IC1F NewDesignator=D1F
Change Component Designator: OldDesignator=IC1G NewDesignator=D1G
Change Component Designator: OldDesignator=IC1H NewDesignator=D1H
Change Component Designator: OldDesignator=IC1I NewDesignator=D1I
Change Component Designator: OldDesignator=IC1J NewDesignator=D1J
Change Component Designator: OldDesignator=IC1K NewDesignator=D1K
Change Component Designator: OldDesignator=IC1L NewDesignator=D1L
Change Component Designator: OldDesignator=IC1M NewDesignator=D1M
Change Component Designator: OldDesignator=IC1N NewDesignator=D1N
Change Component Designator: OldDesignator=IC1O NewDesignator=D1O
Change Component Designator: OldDesignator=IC1P NewDesignator=D1P
Change Component Designator: OldDesignator=Mot_1A NewDesignator=M1A
Change Component Designator: OldDesignator=Mot_1B NewDesignator=M1B
Change Component Designator: OldDesignator=Mot_1C NewDesignator=M1C
Change Component Designator: OldDesignator=Mot_1D NewDesignator=M1D
Change Component Designator: OldDesignator=Mot_1E NewDesignator=M1E
Change Component Designator: OldDesignator=Mot_1F NewDesignator=M1F
Change Component Designator: OldDesignator=Mot_1G NewDesignator=M1G
Change Component Designator: OldDesignator=Mot_1H NewDesignator=M1H
Change Component Designator: OldDesignator=Mot_1I NewDesignator=M1I
Change Component Designator: OldDesignator=Mot_1J NewDesignator=M1J
Change Component Designator: OldDesignator=Mot_1K NewDesignator=M1K
Change Component Designator: OldDesignator=Mot_1L NewDesignator=M1L
Change Component Designator: OldDesignator=Mot_1M NewDesignator=M1M
Change Component Designator: OldDesignator=Mot_1N NewDesignator=M1N
Change Component Designator: OldDesignator=Mot_1O NewDesignator=M1O
Change Component Designator: OldDesignator=Mot_1P NewDesignator=M1P
Change Component Designator: OldDesignator=T1 NewDesignator=Teensy
