Added Component: Designator=E1(ENCODER_LED_3)
Add component (AddParameter): Name = "PROD_ID"; Value = "RES-10859"; VariantName = "[No Variations]"
Add component (AddParameter): Name = "SF_SKU"; Value = "COM-10982"; VariantName = "[No Variations]"
Added Pin To Net: NetName=E_Anode Pin=E1-5
Added Net: Name=E_Anode
Added Pin To Net: NetName=E_A Pin=E1-A
Added Net: Name=E_A
Added Pin To Net: NetName=E_B Pin=E1-B
Added Net: Name=E_B
Added Pin To Net: NetName=E_C Pin=E1-C
Added Net: Name=E_C
Added Pin To Net: NetName=E_LED1 Pin=E1-1
Added Net: Name=E_LED1
Added Pin To Net: NetName=E_LED2 Pin=E1-2
Added Net: Name=E_LED2
Added Pin To Net: NetName=E_LED3 Pin=E1-4
Added Net: Name=E_LED3
Added Pin To Net: NetName=E_Switch Pin=E1-3
Added Net: Name=E_Switch
Added Member To Class: ClassName=Controller Member=Component E1 Illuminated Rotary Encoder w/ RGB LED and select switch    Encoders rotate similarly to potentiometers, but they’re different from potentiometers in that an encoder has full rotation without limits. They output gray code so that you can tell how much and in which direction the encoder has been turned.   This encoder includes an RGB LED and a push-down select switch.   Part #: Top Up EC12PLRGBSDVBF-D SparkFun Products  Rotary Encoder - Illuminated (RGB) (COM-10982)
