Added Component: Designator=AS_1(HDR1X7)
Add component (AddParameter): Name = "LatestRevisionDate"; Value = "17-Jul-2002"; VariantName = "[No Variations]"
Add component (AddParameter): Name = "LatestRevisionNote"; Value = "Re-released for DXP Platform."; VariantName = "[No Variations]"
Add component (AddParameter): Name = "Publisher"; Value = "Altium Limited"; VariantName = "[No Variations]"
Added Component: Designator=AS_2(HDR1X7)
Add component (AddParameter): Name = "LatestRevisionDate"; Value = "17-Jul-2002"; VariantName = "[No Variations]"
Add component (AddParameter): Name = "LatestRevisionNote"; Value = "Re-released for DXP Platform."; VariantName = "[No Variations]"
Add component (AddParameter): Name = "Publisher"; Value = "Altium Limited"; VariantName = "[No Variations]"
Added Pin To Net: NetName=GND Pin=AS_1-1
Added Pin To Net: NetName=3V3 Pin=AS_1-5
Added Pin To Net: NetName=GND Pin=AS_2-1
Added Pin To Net: NetName=A Pin=AS_2-4
Added Net: Name=A
Added Pin To Net: NetName=B Pin=AS_2-5
Added Net: Name=B
Added Pin To Net: NetName=CLK Pin=AS_1-3
Added Net: Name=CLK
Added Pin To Net: NetName=CSn Pin=AS_1-4
Added Net: Name=CSn
Added Pin To Net: NetName=DO Pin=AS_1-2
Added Net: Name=DO
Added Pin To Net: NetName=Index Pin=AS_2-6
Added Net: Name=Index
Added Pin To Net: NetName=MagDECn Pin=AS_2-3
Added Net: Name=MagDECn
Added Pin To Net: NetName=MagNCn Pin=AS_2-2
Added Net: Name=MagNCn
Added Pin To Net: NetName=PROG Pin=AS_1-7
Added Net: Name=PROG
Added Pin To Net: NetName=PWM Pin=AS_2-7
Added Net: Name=PWM
Added Pin To Net: NetName=Vbus Pin=AS_1-6
Added Pin To Net: NetName=Vbus Pin=IC2-55
Added Net: Name=Vbus
Added Member To Class: ClassName=Controller Member=Component AS_1 Header 7
Added Member To Class: ClassName=Controller Member=Component AS_2 Header 7
